<?xml version="1.0" encoding="UTF-8"?>
<!-- Generated by org.testng.reporters.JUnitReportReporter -->
<testsuite hostname="LAPTOP-K9GQO8KP" failures="0" tests="1" name="BrowserStack.CrossBrowserTesting" time="5.493" errors="0" timestamp="2023-08-04T12:17:49 IST" skipped="0">
  <testcase classname="BrowserStack.CrossBrowserTesting" name="titleCheck" time="5.493"/>
</testsuite> <!-- BrowserStack.CrossBrowserTesting -->
