<?xml version="1.0" encoding="UTF-8"?>
<!-- Generated by org.testng.reporters.JUnitReportReporter -->
<testsuite hostname="LAPTOP-K9GQO8KP" failures="0" tests="3" name="learning.PageObjectFramework" time="25.412" errors="0" timestamp="2023-07-18T14:58:42 IST" skipped="0">
  <testcase classname="learning.PageObjectFramework" name="ordersValidation" time="3.860"/>
  <testcase classname="learning.PageObjectFramework" name="ordersValidation" time="3.727"/>
  <testcase classname="learning.PageObjectFramework" name="e2eTest" time="17.825"/>
</testsuite> <!-- learning.PageObjectFramework -->
