<?xml version="1.0" encoding="UTF-8"?>
<!-- Generated by org.testng.reporters.JUnitReportReporter -->
<testsuite hostname="LAPTOP-K9GQO8KP" failures="0" tests="1" name="GoogleTest" time="8.085" errors="0" timestamp="2023-07-25T15:40:46 IST" skipped="0">
  <testcase classname="GoogleTest" name="homePageCheck" time="8.085"/>
</testsuite> <!-- GoogleTest -->
