<?xml version="1.0" encoding="UTF-8"?>
<!-- Generated by org.testng.reporters.JUnitXMLReporter -->
<testsuite ignored="0" hostname="LAPTOP-K9GQO8KP" failures="0" tests="1" name="Test-0" time="14.798" errors="0" timestamp="2023-08-04T12:57:05 IST">
  <testcase classname="BrowserStack.CrossBrowserTesting" name="titleCheck" time="12.922"/>
</testsuite> <!-- Test-0 -->
