<?xml version="1.0" encoding="UTF-8"?>
<!-- Generated by org.testng.reporters.JUnitReportReporter -->
<testsuite hostname="LAPTOP-K9GQO8KP" failures="0" tests="1" name="ChildClass1" time="0.010" errors="0" timestamp="2023-07-07T12:51:40 IST" skipped="0">
  <testcase classname="ChildClass1" name="runTest" time="0.010"/>
</testsuite> <!-- ChildClass1 -->
