<?xml version="1.0" encoding="UTF-8"?>
<!-- Generated by org.testng.reporters.JUnitReportReporter -->
<testsuite hostname="LAPTOP-K9GQO8KP" failures="0" tests="1" name="learning.IncorrectLogin" time="5.448" errors="0" timestamp="2023-07-12T11:15:46 IST" skipped="0">
  <testcase classname="learning.IncorrectLogin" name="incorrectLogin" time="5.448"/>
</testsuite> <!-- learning.IncorrectLogin -->
