<?xml version="1.0" encoding="UTF-8"?>
<!-- Generated by org.testng.reporters.JUnitReportReporter -->
<testsuite hostname="LAPTOP-K9GQO8KP" failures="0" tests="3" name="learning.PageObjectFramework" time="23.970" errors="0" timestamp="2023-07-13T15:04:42 IST" skipped="0">
  <testcase classname="learning.PageObjectFramework" name="ordersValidation" time="3.683"/>
  <testcase classname="learning.PageObjectFramework" name="ordersValidation" time="5.908"/>
  <testcase classname="learning.PageObjectFramework" name="e2eTest" time="14.379"/>
</testsuite> <!-- learning.PageObjectFramework -->
