<?xml version="1.0" encoding="UTF-8"?>
<!-- Generated by org.testng.reporters.JUnitReportReporter -->
<testsuite hostname="LAPTOP-K9GQO8KP" failures="0" tests="2" name="Cucumber.TestNGTestRunner" time="18.201" errors="0" timestamp="2023-07-19T13:50:04 IST" skipped="0">
  <testcase classname="Cucumber.TestNGTestRunner" name="runScenario" time="6.667"/>
  <testcase classname="Cucumber.TestNGTestRunner" name="runScenario" time="11.534"/>
</testsuite> <!-- Cucumber.TestNGTestRunner -->
