<?xml version="1.0" encoding="UTF-8"?>
<!-- Generated by org.testng.reporters.JUnitReportReporter -->
<testsuite hostname="LAPTOP-K9GQO8KP" failures="0" tests="1" name="learning.ExtentReporting.ExtentReportDemo" time="6.475" errors="0" timestamp="2023-07-13T12:06:29 IST" skipped="0">
  <testcase classname="learning.ExtentReporting.ExtentReportDemo" name="initialDemo" time="6.475"/>
</testsuite> <!-- learning.ExtentReporting.ExtentReportDemo -->
