<?xml version="1.0" encoding="UTF-8"?>
<!-- Generated by org.testng.reporters.JUnitReportReporter -->
<testsuite hostname="LAPTOP-K9GQO8KP" failures="0" tests="4" name="DataDrivenframework.ExcelDriven.DataProvidedSample" time="0.014" errors="0" timestamp="2023-07-25T13:34:32 IST" skipped="0">
  <testcase classname="DataDrivenframework.ExcelDriven.DataProvidedSample" name="testMethod" time="0.011"/>
  <testcase classname="DataDrivenframework.ExcelDriven.DataProvidedSample" name="testMethod" time="0.001"/>
  <testcase classname="DataDrivenframework.ExcelDriven.DataProvidedSample" name="testMethod" time="0.001"/>
  <testcase classname="DataDrivenframework.ExcelDriven.DataProvidedSample" name="testMethod" time="0.001"/>
</testsuite> <!-- DataDrivenframework.ExcelDriven.DataProvidedSample -->
