<?xml version="1.0" encoding="UTF-8"?>
<!-- Generated by org.testng.reporters.JUnitReportReporter -->
<testsuite hostname="LAPTOP-K9GQO8KP" failures="0" tests="3" name="test.HelloWorld" time="0.022" errors="0" timestamp="2023-07-07T12:03:51 IST" skipped="0">
  <testcase classname="test.HelloWorld" name="displayBirthDate" time="0.014"/>
  <testcase classname="test.HelloWorld" name="displayHelloWorld" time="0.003"/>
  <testcase classname="test.HelloWorld" name="displayName" time="0.005"/>
</testsuite> <!-- test.HelloWorld -->
