<?xml version="1.0" encoding="UTF-8"?>
<!-- Generated by org.testng.reporters.JUnitReportReporter -->
<testsuite hostname="LAPTOP-K9GQO8KP" failures="0" tests="1" name="test.SampleTest" time="0.002" errors="0" timestamp="2023-07-07T12:03:51 IST" skipped="0">
  <testcase classname="test.SampleTest" name="secondTest" time="0.002"/>
</testsuite> <!-- test.SampleTest -->
