<?xml version="1.0" encoding="UTF-8"?>
<!-- Generated by org.testng.reporters.JUnitReportReporter -->
<testsuite hostname="LAPTOP-K9GQO8KP" failures="0" tests="8" name="test.ThridClass" time="0.021" errors="0" timestamp="2023-07-07T12:03:51 IST" skipped="2">
  <testcase classname="test.ThridClass" name="method3" time="0.002"/>
  <testcase classname="test.ThridClass" name="operationSubtract" time="0.002"/>
  <testcase classname="test.ThridClass" name="method1" time="0.004"/>
  <testcase classname="test.ThridClass" name="operationMultiply" time="0.009"/>
  <testcase classname="test.ThridClass" name="operationDivision" time="0.001"/>
  <testcase classname="test.ThridClass" name="method2" time="0.003"/>
  <testcase classname="test.ThridClass" name="operationAdd">
    <skipped/>
  </testcase> <!-- operationAdd -->
  <testcase classname="test.ThridClass" name="operationAdd">
    <skipped/>
  </testcase> <!-- operationAdd -->
</testsuite> <!-- test.ThridClass -->
