<?xml version="1.0" encoding="UTF-8"?>
<!-- Generated by org.testng.reporters.JUnitReportReporter -->
<testsuite hostname="LAPTOP-K9GQO8KP" failures="0" tests="3" name="BrowserStack.CrossBrowserTesting" time="44.915" errors="0" timestamp="2023-08-04T12:57:13 IST" skipped="0">
  <testcase classname="BrowserStack.CrossBrowserTesting" name="titleCheck" time="9.855"/>
  <testcase classname="BrowserStack.CrossBrowserTesting" name="titleCheck" time="12.922"/>
  <testcase classname="BrowserStack.CrossBrowserTesting" name="titleCheck" time="22.138"/>
</testsuite> <!-- BrowserStack.CrossBrowserTesting -->
